Arguments: 
  /Users/firstvirtue/.nvm/versions/node/v8.15.1/bin/node /usr/local/bin/yarn add @unxtjs/axios

PATH: 
  /Users/firstvirtue/.nvm/versions/node/v8.15.1/bin:/usr/local/Cellar/node/9.3.0_1/bin:/usr/local/bin:/usr/bin:/bin:/usr/sbin:/sbin:/usr/local/share/dotnet:~/.dotnet/tools:/Library/Frameworks/Mono.framework/Versions/Current/Commands:/Applications/Xamarin Workbooks.app/Contents/SharedSupport/path-bin

Yarn version: 
  1.3.2

Node version: 
  8.15.1

Platform: 
  darwin x64

npm manifest: 
  {
    "name": "hsr-web",
    "version": "1.0.0",
    "description": "한사랑교회 공식 홈페이지",
    "author": "Jake Lee <jake@iropke.com>",
    "private": true,
    "scripts": {
      "dev": "cross-env HOST=0.0.0.0 PORT=8080 nuxt --open",
      "build": "nuxt build",
      "start": "HOST=0.0.0.0 PORT=80 nuxt start",
      "generate": "nuxt generate",
      "lint": "eslint --ext .js,.vue --ignore-path .gitignore .",
      "precommit": "npm run lint"
    },
    "dependencies": {
      "@nuxtjs/axios": "^5.6.0",
      "gsap": "^3.0.5",
      "normalize.css": "^8.0.1",
      "nuxt": "^2.11.0",
      "rxjs": "^6.5.3",
      "sass-mq": "^5.0.1",
      "vue-awesome-swiper": "^3.1.3",
      "vue-rx": "^6.2.0"
    },
    "devDependencies": {
      "@editorjs/editorjs": "^2.16.1",
      "@nuxtjs/style-resources": "^1.0.0",
      "babel-eslint": "^10.0.1",
      "cross-env": "^5.2.1",
      "eslint": "^4.19.1",
      "eslint-friendly-formatter": "^4.0.1",
      "eslint-loader": "^2.1.1",
      "eslint-plugin-vue": "^4.0.0",
      "node-sass": "^4.12.0",
      "sass-loader": "^8.0.0",
      "sass-resources-loader": "^2.0.1",
      "webfonts-generator": "^0.4.0"
    }
  }

yarn manifest: 
  No manifest

Lockfile: 
  No lockfile

Trace: 
  Error: https://registry.yarnpkg.com/@unxtjs%2faxios: Not found
      at Request.params.callback [as _callback] (/usr/local/lib/node_modules/yarn/lib/cli.js:62098:18)
      at Request.self.callback (/usr/local/lib/node_modules/yarn/lib/cli.js:123085:22)
      at emitTwo (events.js:126:13)
      at Request.emit (events.js:214:7)
      at Request.<anonymous> (/usr/local/lib/node_modules/yarn/lib/cli.js:124068:10)
      at emitOne (events.js:116:13)
      at Request.emit (events.js:211:7)
      at IncomingMessage.<anonymous> (/usr/local/lib/node_modules/yarn/lib/cli.js:123988:12)
      at Object.onceWrapper (events.js:313:30)
      at emitNone (events.js:111:20)
